#
# There is insufficient memory for the Java Runtime Environment to continue.
# Native memory allocation (malloc) failed to allocate 295504 bytes for Chunk::new
# Possible reasons:
#   The system is out of physical RAM or swap space
#   In 32 bit mode, the process size limit was hit
# Possible solutions:
#   Reduce memory load on the system
#   Increase physical memory or swap space
#   Check if swap backing store is full
#   Use 64 bit Java on a 64 bit OS
#   Decrease Java heap size (-Xmx/-Xms)
#   Decrease number of Java threads
#   Decrease Java thread stack sizes (-Xss)
#   Set larger code cache with -XX:ReservedCodeCacheSize=
# This output file may be truncated or incomplete.
#
#  Out of Memory Error (allocation.cpp:390), pid=13064, tid=0x0000000000006cb0
#
# JRE version: Java(TM) SE Runtime Environment (8.0_121-b13) (build 1.8.0_121-b13)
# Java VM: Java HotSpot(TM) 64-Bit Server VM (25.121-b13 mixed mode windows-amd64 compressed oops)
# Failed to write core dump. Minidumps are not enabled by default on client versions of Windows
#

---------------  T H R E A D  ---------------

Current thread (0x0000000002ee8000):  JavaThread "main" [_thread_in_native, id=27824, stack(0x0000000002de0000,0x0000000002ee0000)]

Stack: [0x0000000002de0000,0x0000000002ee0000]
[error occurred during error reporting (printing stack bounds), id 0xc0000005]

Native frames: (J=compiled Java code, j=interpreted, Vv=VM code, C=native code)

Java frames: (J=compiled Java code, j=interpreted, Vv=VM code)
J 878  java.lang.Class.forName0(Ljava/lang/String;ZLjava/lang/ClassLoader;Ljava/lang/Class;)Ljava/lang/Class; (0 bytes) @ 0x0000000003240f47 [0x0000000003240ec0+0x87]
J 858 C1 java.lang.Class.forName(Ljava/lang/String;ZLjava/lang/ClassLoader;)Ljava/lang/Class; (53 bytes) @ 0x000000000323caac [0x000000000323c980+0x12c]
j  sun.nio.cs.AbstractCharsetProvider.lookup(Ljava/lang/String;)Ljava/nio/charset/Charset;+86
j  sun.nio.cs.AbstractCharsetProvider.access$000(Lsun/nio/cs/AbstractCharsetProvider;Ljava/lang/String;)Ljava/nio/charset/Charset;+2
j  sun.nio.cs.AbstractCharsetProvider$1.next()Ljava/nio/charset/Charset;+25
j  sun.nio.cs.AbstractCharsetProvider$1.next()Ljava/lang/Object;+1
j  java.nio.charset.Charset.put(Ljava/util/Iterator;Ljava/util/Map;)V+10
j  java.nio.charset.Charset.access$200(Ljava/util/Iterator;Ljava/util/Map;)V+2
j  java.nio.charset.Charset$3.run()Ljava/util/SortedMap;+34
j  java.nio.charset.Charset$3.run()Ljava/lang/Object;+1
v  ~StubRoutines::call_stub
J 523  java.security.AccessController.doPrivileged(Ljava/security/PrivilegedAction;)Ljava/lang/Object; (0 bytes) @ 0x00000000031a6092 [0x00000000031a6040+0x52]
j  java.nio.charset.Charset.availableCharsets()Ljava/util/SortedMap;+7
j  org.apache.tomcat.util.buf.B2CConverter.<clinit>()V+18
v  ~StubRoutines::call_stub
j  org.apache.catalina.connector.Connector.setURIEncoding(Ljava/lang/String;)V+2
j  org.springframework.boot.web.embedded.tomcat.TomcatServletWebServerFactory.customizeConnector(Lorg/apache/catalina/connector/Connector;)V+77
j  org.springframework.boot.web.embedded.tomcat.TomcatServletWebServerFactory.getWebServer([Lorg/springframework/boot/web/servlet/ServletContextInitializer;)Lorg/springframework/boot/web/server/WebServer;+64
j  org.springframework.boot.web.servlet.context.ServletWebServerApplicationContext.createWebServer()V+36
j  org.springframework.boot.web.servlet.context.ServletWebServerApplicationContext.onRefresh()V+5
j  org.springframework.context.support.AbstractApplicationContext.refresh()V+45
j  org.springframework.boot.web.servlet.context.ServletWebServerApplicationContext.refresh()V+1
j  org.springframework.boot.SpringApplication.refresh(Lorg/springframework/context/ApplicationContext;)V+10
j  org.springframework.boot.SpringApplication.refreshContext(Lorg/springframework/context/ConfigurableApplicationContext;)V+2
j  org.springframework.boot.SpringApplication.run([Ljava/lang/String;)Lorg/springframework/context/ConfigurableApplicationContext;+118
j  org.springframework.boot.SpringApplication.run([Ljava/lang/Class;[Ljava/lang/String;)Lorg/springframework/context/ConfigurableApplicationContext;+9
j  org.springframework.boot.SpringApplication.run(Ljava/lang/Class;[Ljava/lang/String;)Lorg/springframework/context/ConfigurableApplicationContext;+9
j  com.cg.eurekaservice.EurekaServiceApplication.main([Ljava/lang/String;)V+3
v  ~StubRoutines::call_stub

---------------  P R O C E S S  ---------------

Java Threads: ( => current thread )
  0x000000001bada000 JavaThread "Keep-Alive-Timer" daemon [_thread_blocked, id=35544, stack(0x000000001cc80000,0x000000001cd80000)]
  0x0000000019f83800 JavaThread "JMX server connection timeout 17" daemon [_thread_blocked, id=17724, stack(0x000000001a970000,0x000000001aa70000)]
  0x0000000019f5d000 JavaThread "RMI TCP Connection(2)-127.0.0.1" daemon [_thread_in_native, id=41920, stack(0x000000001a870000,0x000000001a970000)]
  0x0000000019f5b000 JavaThread "RMI Scheduler(0)" daemon [_thread_blocked, id=43660, stack(0x000000001a770000,0x000000001a870000)]
  0x0000000019eb9000 JavaThread "RMI TCP Connection(1)-127.0.0.1" daemon [_thread_in_native, id=15968, stack(0x000000001a670000,0x000000001a770000)]
  0x0000000019eb3800 JavaThread "RMI TCP Accept-0" daemon [_thread_in_native, id=32580, stack(0x000000001a470000,0x000000001a570000)]
  0x0000000019ea9000 JavaThread "RMI TCP Accept-63087" daemon [_thread_in_native, id=14580, stack(0x000000001a370000,0x000000001a470000)]
  0x0000000019e9b800 JavaThread "RMI TCP Accept-0" daemon [_thread_in_native, id=22064, stack(0x000000001a270000,0x000000001a370000)]
  0x00000000195a3800 JavaThread "Service Thread" daemon [_thread_blocked, id=40264, stack(0x0000000019970000,0x0000000019a70000)]
  0x0000000017c3e800 JavaThread "C1 CompilerThread2" daemon [_thread_blocked, id=32524, stack(0x0000000019470000,0x0000000019570000)]
  0x0000000017c38000 JavaThread "C2 CompilerThread1" daemon [_thread_blocked, id=10000, stack(0x0000000019370000,0x0000000019470000)]
  0x0000000017c36000 JavaThread "C2 CompilerThread0" daemon [_thread_blocked, id=3376, stack(0x0000000019270000,0x0000000019370000)]
  0x0000000017c34800 JavaThread "Attach Listener" daemon [_thread_blocked, id=27184, stack(0x0000000019170000,0x0000000019270000)]
  0x0000000017c33800 JavaThread "Signal Dispatcher" daemon [_thread_blocked, id=39852, stack(0x0000000019070000,0x0000000019170000)]
  0x0000000017c1c000 JavaThread "Finalizer" daemon [_thread_blocked, id=17092, stack(0x0000000018e80000,0x0000000018f80000)]
  0x0000000002fd6000 JavaThread "Reference Handler" daemon [_thread_blocked, id=34672, stack(0x0000000018d80000,0x0000000018e80000)]
=>0x0000000002ee8000 JavaThread "main" [_thread_in_native, id=27824, stack(0x0000000002de0000,0x0000000002ee0000)]

Other Threads:
  0x0000000017bf7800 VMThread [stack: 0x0000000018c80000,0x0000000018d80000] [id=12144]
  0x0000000019eb5800 WatcherThread [stack: 0x000000001a570000,0x000000001a670000] [id=30104]

VM state:not at safepoint (normal execution)

VM Mutex/Monitor currently owned by a thread: None

Heap:
 PSYoungGen      total 69632K, used 47986K [0x00000000d5580000, 0x00000000daf80000, 0x0000000100000000)
  eden space 64512K, 74% used [0x00000000d5580000,0x00000000d845c9c0,0x00000000d9480000)
  from space 5120K, 0% used [0x00000000d9480000,0x00000000d9480000,0x00000000d9980000)
  to   space 6144K, 0% used [0x00000000da980000,0x00000000da980000,0x00000000daf80000)
 ParOldGen       total 47104K, used 12884K [0x0000000080000000, 0x0000000082e00000, 0x00000000d5580000)
  object space 47104K, 27% used [0x0000000080000000,0x0000000080c952a0,0x0000000082e00000)
 Metaspace       used 29800K, capacity 31154K, committed 31232K, reserved 1087488K
  class space    used 4004K, capacity 4291K, committed 4352K, reserved 1048576K

Card table byte_map: [0x00000000123a0000,0x00000000127b0000] byte_map_base: 0x0000000011fa0000

Marking Bits: (ParMarkBitMap*) 0x00000000580cb6d0
 Begin Bits: [0x0000000012e60000, 0x0000000014e60000)
 End Bits:   [0x0000000014e60000, 0x0000000016e60000)

Polling page: 0x0000000001180000

CodeCache: size=245760Kb used=6604Kb max_used=6604Kb free=239155Kb
 bounds [0x0000000002fe0000, 0x0000000003660000, 0x0000000011fe0000]
 total_blobs=3508 nmethods=3075 adapters=345
 compilation: enabled

Compilation events (10 events):
Event: 6.478 Thread 0x0000000017c3e800 3073       1       java.util.ResourceBundle$CacheKey::hashCode (5 bytes)
Event: 6.478 Thread 0x0000000017c3e800 nmethod 3073 0x0000000003651d10 code [0x0000000003651e60, 0x0000000003651f70]
Event: 6.491 Thread 0x0000000017c3e800 3074       1       java.lang.Class$MethodArray::remove (39 bytes)
Event: 6.492 Thread 0x0000000017c3e800 nmethod 3074 0x0000000003651fd0 code [0x0000000003652140, 0x0000000003652348]
Event: 6.498 Thread 0x0000000017c3e800 3075       1       sun.misc.ASCIICaseInsensitiveComparator::compare (13 bytes)
Event: 6.498 Thread 0x0000000017c3e800 nmethod 3075 0x0000000003652510 code [0x0000000003652680, 0x0000000003652808]
Event: 6.506 Thread 0x0000000017c3e800 3076       1       sun.nio.cs.AbstractCharsetProvider::put (20 bytes)
Event: 6.507 Thread 0x0000000017c3e800 nmethod 3076 0x00000000036528d0 code [0x0000000003652a40, 0x0000000003652bb8]
Event: 6.508 Thread 0x0000000017c3e800 3077       1       java.nio.charset.Charset::checkName (165 bytes)
Event: 6.509 Thread 0x0000000017c3e800 nmethod 3077 0x0000000003652c50 code [0x0000000003652e00, 0x0000000003653178]

GC Heap History (10 events):
Event: 3.044 GC heap before
{Heap before GC invocations=8 (full 2):
 PSYoungGen      total 59392K, used 3072K [0x00000000d5580000, 0x00000000d9e80000, 0x0000000100000000)
  eden space 56320K, 0% used [0x00000000d5580000,0x00000000d5580000,0x00000000d8c80000)
  from space 3072K, 100% used [0x00000000d9b80000,0x00000000d9e80000,0x00000000d9e80000)
  to   space 5120K, 0% used [0x00000000d9480000,0x00000000d9480000,0x00000000d9980000)
 ParOldGen       total 47104K, used 5896K [0x0000000080000000, 0x0000000082e00000, 0x00000000d5580000)
  object space 47104K, 12% used [0x0000000080000000,0x00000000805c2178,0x0000000082e00000)
 Metaspace       used 22679K, capacity 23550K, committed 23680K, reserved 1071104K
  class space    used 3009K, capacity 3243K, committed 3328K, reserved 1048576K
Event: 3.105 GC heap after
Heap after GC invocations=8 (full 2):
 PSYoungGen      total 59392K, used 0K [0x00000000d5580000, 0x00000000d9e80000, 0x0000000100000000)
  eden space 56320K, 0% used [0x00000000d5580000,0x00000000d5580000,0x00000000d8c80000)
  from space 3072K, 0% used [0x00000000d9b80000,0x00000000d9b80000,0x00000000d9e80000)
  to   space 5120K, 0% used [0x00000000d9480000,0x00000000d9480000,0x00000000d9980000)
 ParOldGen       total 47104K, used 7643K [0x0000000080000000, 0x0000000082e00000, 0x00000000d5580000)
  object space 47104K, 16% used [0x0000000080000000,0x0000000080776da0,0x0000000082e00000)
 Metaspace       used 22679K, capacity 23550K, committed 23680K, reserved 1071104K
  class space    used 3009K, capacity 3243K, committed 3328K, reserved 1048576K
}
Event: 4.765 GC heap before
{Heap before GC invocations=9 (full 2):
 PSYoungGen      total 59392K, used 56320K [0x00000000d5580000, 0x00000000d9e80000, 0x0000000100000000)
  eden space 56320K, 100% used [0x00000000d5580000,0x00000000d8c80000,0x00000000d8c80000)
  from space 3072K, 0% used [0x00000000d9b80000,0x00000000d9b80000,0x00000000d9e80000)
  to   space 5120K, 0% used [0x00000000d9480000,0x00000000d9480000,0x00000000d9980000)
 ParOldGen       total 47104K, used 7643K [0x0000000080000000, 0x0000000082e00000, 0x00000000d5580000)
  object space 47104K, 16% used [0x0000000080000000,0x0000000080776da0,0x0000000082e00000)
 Metaspace       used 24474K, capacity 25410K, committed 25600K, reserved 1073152K
  class space    used 3239K, capacity 3461K, committed 3584K, reserved 1048576K
Event: 4.772 GC heap after
Heap after GC invocations=9 (full 2):
 PSYoungGen      total 69632K, used 4380K [0x00000000d5580000, 0x00000000daf80000, 0x0000000100000000)
  eden space 64512K, 0% used [0x00000000d5580000,0x00000000d5580000,0x00000000d9480000)
  from space 5120K, 85% used [0x00000000d9480000,0x00000000d98c7190,0x00000000d9980000)
  to   space 6144K, 0% used [0x00000000da980000,0x00000000da980000,0x00000000daf80000)
 ParOldGen       total 47104K, used 7651K [0x0000000080000000, 0x0000000082e00000, 0x00000000d5580000)
  object space 47104K, 16% used [0x0000000080000000,0x0000000080778da0,0x0000000082e00000)
 Metaspace       used 24474K, capacity 25410K, committed 25600K, reserved 1073152K
  class space    used 3239K, capacity 3461K, committed 3584K, reserved 1048576K
}
Event: 5.422 GC heap before
{Heap before GC invocations=10 (full 2):
 PSYoungGen      total 69632K, used 68892K [0x00000000d5580000, 0x00000000daf80000, 0x0000000100000000)
  eden space 64512K, 100% used [0x00000000d5580000,0x00000000d9480000,0x00000000d9480000)
  from space 5120K, 85% used [0x00000000d9480000,0x00000000d98c7190,0x00000000d9980000)
  to   space 6144K, 0% used [0x00000000da980000,0x00000000da980000,0x00000000daf80000)
 ParOldGen       total 47104K, used 7651K [0x0000000080000000, 0x0000000082e00000, 0x00000000d5580000)
  object space 47104K, 16% used [0x0000000080000000,0x0000000080778da0,0x0000000082e00000)
 Metaspace       used 26487K, capacity 27456K, committed 27648K, reserved 1079296K
  class space    used 3577K, capacity 3802K, committed 3840K, reserved 1048576K
Event: 5.442 GC heap after
Heap after GC invocations=10 (full 2):
 PSYoungGen      total 70656K, used 6113K [0x00000000d5580000, 0x00000000daf80000, 0x0000000100000000)
  eden space 64512K, 0% used [0x00000000d5580000,0x00000000d5580000,0x00000000d9480000)
  from space 6144K, 99% used [0x00000000da980000,0x00000000daf78548,0x00000000daf80000)
  to   space 5120K, 0% used [0x00000000d9480000,0x00000000d9480000,0x00000000d9980000)
 ParOldGen       total 47104K, used 9043K [0x0000000080000000, 0x0000000082e00000, 0x00000000d5580000)
  object space 47104K, 19% used [0x0000000080000000,0x00000000808d4ff8,0x0000000082e00000)
 Metaspace       used 26487K, capacity 27456K, committed 27648K, reserved 1079296K
  class space    used 3577K, capacity 3802K, committed 3840K, reserved 1048576K
}
Event: 5.923 GC heap before
{Heap before GC invocations=11 (full 2):
 PSYoungGen      total 70656K, used 58695K [0x00000000d5580000, 0x00000000daf80000, 0x0000000100000000)
  eden space 64512K, 81% used [0x00000000d5580000,0x00000000d88d99d8,0x00000000d9480000)
  from space 6144K, 99% used [0x00000000da980000,0x00000000daf78548,0x00000000daf80000)
  to   space 5120K, 0% used [0x00000000d9480000,0x00000000d9480000,0x00000000d9980000)
 ParOldGen       total 47104K, used 9043K [0x0000000080000000, 0x0000000082e00000, 0x00000000d5580000)
  object space 47104K, 19% used [0x0000000080000000,0x00000000808d4ff8,0x0000000082e00000)
 Metaspace       used 28135K, capacity 29186K, committed 29440K, reserved 1087488K
  class space    used 3760K, capacity 4007K, committed 4096K, reserved 1048576K
Event: 5.935 GC heap after
Heap after GC invocations=11 (full 2):
 PSYoungGen      total 69632K, used 5104K [0x00000000d5580000, 0x00000000daf80000, 0x0000000100000000)
  eden space 64512K, 0% used [0x00000000d5580000,0x00000000d5580000,0x00000000d9480000)
  from space 5120K, 99% used [0x00000000d9480000,0x00000000d997c030,0x00000000d9980000)
  to   space 6144K, 0% used [0x00000000da980000,0x00000000da980000,0x00000000daf80000)
 ParOldGen       total 47104K, used 10720K [0x0000000080000000, 0x0000000082e00000, 0x00000000d5580000)
  object space 47104K, 22% used [0x0000000080000000,0x0000000080a78118,0x0000000082e00000)
 Metaspace       used 28135K, capacity 29186K, committed 29440K, reserved 1087488K
  class space    used 3760K, capacity 4007K, committed 4096K, reserved 1048576K
}
Event: 5.935 GC heap before
{Heap before GC invocations=12 (full 3):
 PSYoungGen      total 69632K, used 5104K [0x00000000d5580000, 0x00000000daf80000, 0x0000000100000000)
  eden space 64512K, 0% used [0x00000000d5580000,0x00000000d5580000,0x00000000d9480000)
  from space 5120K, 99% used [0x00000000d9480000,0x00000000d997c030,0x00000000d9980000)
  to   space 6144K, 0% used [0x00000000da980000,0x00000000da980000,0x00000000daf80000)
 ParOldGen       total 47104K, used 10720K [0x0000000080000000, 0x0000000082e00000, 0x00000000d5580000)
  object space 47104K, 22% used [0x0000000080000000,0x0000000080a78118,0x0000000082e00000)
 Metaspace       used 28135K, capacity 29186K, committed 29440K, reserved 1087488K
  class space    used 3760K, capacity 4007K, committed 4096K, reserved 1048576K
Event: 6.033 GC heap after
Heap after GC invocations=12 (full 3):
 PSYoungGen      total 69632K, used 0K [0x00000000d5580000, 0x00000000daf80000, 0x0000000100000000)
  eden space 64512K, 0% used [0x00000000d5580000,0x00000000d5580000,0x00000000d9480000)
  from space 5120K, 0% used [0x00000000d9480000,0x00000000d9480000,0x00000000d9980000)
  to   space 6144K, 0% used [0x00000000da980000,0x00000000da980000,0x00000000daf80000)
 ParOldGen       total 47104K, used 12884K [0x0000000080000000, 0x0000000082e00000, 0x00000000d5580000)
  object space 47104K, 27% used [0x0000000080000000,0x0000000080c952a0,0x0000000082e00000)
 Metaspace       used 28135K, capacity 29186K, committed 29440K, reserved 1085440K
  class space    used 3760K, capacity 4007K, committed 4096K, reserved 1048576K
}

Deoptimization events (0 events):
No events

Internal exceptions (10 events):
Event: 6.418 Thread 0x0000000002ee8000 Exception <a 'java/lang/ArrayIndexOutOfBoundsException'> (0x00000000d7d552f0) thrown at [C:\re\workspace\8-2-build-windows-amd64-cygwin\jdk8u121\8372\hotspot\src\share\vm\runtime\sharedRuntime.cpp, line 605]
Event: 6.419 Thread 0x0000000002ee8000 Exception <a 'java/lang/ClassNotFoundException': org/springframework/core/OrderedCustomizer> (0x00000000d7d6eed8) thrown at [C:\re\workspace\8-2-build-windows-amd64-cygwin\jdk8u121\8372\hotspot\src\share\vm\classfile\systemDictionary.cpp, line 210]
Event: 6.421 Thread 0x0000000002ee8000 Exception <a 'java/lang/ClassNotFoundException': java/lang/ObjectCustomizer> (0x00000000d7d83d70) thrown at [C:\re\workspace\8-2-build-windows-amd64-cygwin\jdk8u121\8372\hotspot\src\share\vm\classfile\systemDictionary.cpp, line 210]
Event: 6.421 Thread 0x0000000002ee8000 Exception <a 'java/lang/ClassNotFoundException': org/springframework/boot/autoconfigure/web/servlet/error/ErrorMvcAutoConfigurationCustomizer> (0x00000000d7db2598) thrown at [C:\re\workspace\8-2-build-windows-amd64-cygwin\jdk8u121\8372\hotspot\src\share\v
Event: 6.423 Thread 0x0000000002ee8000 Exception <a 'java/lang/ClassNotFoundException': org/springframework/boot/autoconfigure/web/servlet/error/ErrorMvcAutoConfiguration$$EnhancerBySpringCGLIB$$5c69f77dCustomizer> (0x00000000d7ded360) thrown at [C:\re\workspace\8-2-build-windows-amd64-cygwin\
Event: 6.424 Thread 0x0000000002ee8000 Exception <a 'java/lang/ClassNotFoundException': org/springframework/context/annotation/ConfigurationClassEnhancer$EnhancedConfigurationCustomizer> (0x00000000d7e24280) thrown at [C:\re\workspace\8-2-build-windows-amd64-cygwin\jdk8u121\8372\hotspot\src\sh
Event: 6.430 Thread 0x0000000002ee8000 Exception <a 'java/lang/ClassNotFoundException': java/lang/ObjectCustomizer> (0x00000000d7eb1ea8) thrown at [C:\re\workspace\8-2-build-windows-amd64-cygwin\jdk8u121\8372\hotspot\src\share\vm\classfile\systemDictionary.cpp, line 210]
Event: 6.431 Thread 0x0000000002ee8000 Exception <a 'java/lang/ClassNotFoundException': org/springframework/boot/autoconfigure/web/servlet/error/ErrorMvcAutoConfiguration$ErrorPageCustomizerCustomizer> (0x00000000d7ee7d68) thrown at [C:\re\workspace\8-2-build-windows-amd64-cygwin\jdk8u121\8372
Event: 6.432 Thread 0x0000000002ee8000 Exception <a 'java/lang/ClassNotFoundException': org/springframework/boot/web/server/ErrorPageRegistrarCustomizer> (0x00000000d7f0cc80) thrown at [C:\re\workspace\8-2-build-windows-amd64-cygwin\jdk8u121\8372\hotspot\src\share\vm\classfile\systemDictionary
Event: 6.432 Thread 0x0000000002ee8000 Exception <a 'java/lang/ClassNotFoundException': org/springframework/core/OrderedCustomizer> (0x00000000d7f252c8) thrown at [C:\re\workspace\8-2-build-windows-amd64-cygwin\jdk8u121\8372\hotspot\src\share\vm\classfile\systemDictionary.cpp, line 210]

Events (10 events):
Event: 6.507 loading class sun/nio/cs/AbstractCharsetProvider$1 done
Event: 6.507 loading class sun/nio/cs/ext/Big5
Event: 6.508 loading class sun/nio/cs/ext/Big5 done
Event: 6.508 loading class sun/nio/cs/ext/Big5_HKSCS
Event: 6.508 loading class sun/nio/cs/ext/Big5_HKSCS done
Event: 6.508 loading class sun/nio/cs/ext/EUC_JP
Event: 6.508 loading class sun/nio/cs/ext/EUC_JP done
Event: 6.508 loading class sun/nio/cs/ext/EUC_KR
Event: 6.509 loading class sun/nio/cs/ext/EUC_KR done
Event: 6.509 loading class sun/nio/cs/ext/GB18030


Dynamic libraries:
0x00007ff7ec830000 - 0x00007ff7ec867000 	C:\Program Files\Java\jre1.8.0_121\bin\javaw.exe
0x00007ffc7db40000 - 0x00007ffc7dd21000 	C:\WINDOWS\SYSTEM32\ntdll.dll
0x00007ffc7bac0000 - 0x00007ffc7bb72000 	C:\WINDOWS\System32\KERNEL32.DLL
0x00007ffc7a010000 - 0x00007ffc7a283000 	C:\WINDOWS\System32\KERNELBASE.dll
0x00007ffc7b9e0000 - 0x00007ffc7ba81000 	C:\WINDOWS\System32\ADVAPI32.dll
0x00007ffc7b620000 - 0x00007ffc7b6be000 	C:\WINDOWS\System32\msvcrt.dll
0x00007ffc7daa0000 - 0x00007ffc7dafb000 	C:\WINDOWS\System32\sechost.dll
0x00007ffc7b720000 - 0x00007ffc7b844000 	C:\WINDOWS\System32\RPCRT4.dll
0x00007ffc7b850000 - 0x00007ffc7b9e0000 	C:\WINDOWS\System32\USER32.dll
0x00007ffc7a2e0000 - 0x00007ffc7a300000 	C:\WINDOWS\System32\win32u.dll
0x00007ffc7b470000 - 0x00007ffc7b498000 	C:\WINDOWS\System32\GDI32.dll
0x00007ffc7aaf0000 - 0x00007ffc7ac82000 	C:\WINDOWS\System32\gdi32full.dll
0x00007ffc7af30000 - 0x00007ffc7afcf000 	C:\WINDOWS\System32\msvcp_win.dll
0x00007ffc79f10000 - 0x00007ffc7a00a000 	C:\WINDOWS\System32\ucrtbase.dll
0x00007ffc780e0000 - 0x00007ffc78349000 	C:\WINDOWS\WinSxS\amd64_microsoft.windows.common-controls_6595b64144ccf1df_6.0.17134.407_none_fb449d63306391e9\COMCTL32.dll
0x00007ffc7c130000 - 0x00007ffc7c452000 	C:\WINDOWS\System32\combase.dll
0x00007ffc7aa70000 - 0x00007ffc7aaea000 	C:\WINDOWS\System32\bcryptPrimitives.dll
0x00007ffc7ba90000 - 0x00007ffc7babd000 	C:\WINDOWS\System32\IMM32.DLL
0x00007ffc79cf0000 - 0x00007ffc79d4d000 	C:\Program Files\Citrix\System32\MfApHook64.dll
0x00007ffc79640000 - 0x00007ffc7966b000 	C:\Program Files\Citrix\ICAService\CtxDodHook64.dll
0x00007ffc79c10000 - 0x00007ffc79c42000 	C:\Program Files\Citrix\ICAService\picaFullScreenHookX64.dll
0x00007ffc795f0000 - 0x00007ffc7963e000 	C:\Program Files\Citrix\ICAService\ShellHook64.dll
0x00007ffc7c460000 - 0x00007ffc7d89f000 	C:\WINDOWS\System32\SHELL32.dll
0x00007ffc7a290000 - 0x00007ffc7a2d9000 	C:\WINDOWS\System32\cfgmgr32.dll
0x00007ffc7d9e0000 - 0x00007ffc7da89000 	C:\WINDOWS\System32\shcore.dll
0x00007ffc7a360000 - 0x00007ffc7aa6d000 	C:\WINDOWS\System32\windows.storage.dll
0x00007ffc7b2b0000 - 0x00007ffc7b301000 	C:\WINDOWS\System32\shlwapi.dll
0x00007ffc79ea0000 - 0x00007ffc79eb1000 	C:\WINDOWS\System32\kernel.appcore.dll
0x00007ffc79ec0000 - 0x00007ffc79edf000 	C:\WINDOWS\System32\profapi.dll
0x00007ffc79e50000 - 0x00007ffc79e9c000 	C:\WINDOWS\System32\powrprof.dll
0x00007ffc79f00000 - 0x00007ffc79f0a000 	C:\WINDOWS\System32\FLTLIB.DLL
0x00007ffc79450000 - 0x00007ffc795cc000 	C:\Program Files\Citrix\ICAService\SCardHook64.dll
0x00007ffc79420000 - 0x00007ffc7944a000 	C:\Program Files\Citrix\ICAService\cxinjime64.dll
0x00007ffc79360000 - 0x00007ffc793a8000 	C:\Program Files\Citrix\ICAService\PicaWtsHook64.dll
0x00000000583a0000 - 0x0000000058472000 	C:\Program Files\Java\jre1.8.0_121\bin\msvcr100.dll
0x00000000578b0000 - 0x000000005814b000 	C:\Program Files\Java\jre1.8.0_121\bin\server\jvm.dll
0x00007ffc7b310000 - 0x00007ffc7b318000 	C:\WINDOWS\System32\PSAPI.DLL
0x00007ffc73440000 - 0x00007ffc73463000 	C:\WINDOWS\SYSTEM32\WINMM.dll
0x00007ffc79b00000 - 0x00007ffc79b0a000 	C:\WINDOWS\SYSTEM32\VERSION.dll
0x00007ffc73410000 - 0x00007ffc7343a000 	C:\WINDOWS\SYSTEM32\winmmbase.dll
0x00007ffc685a0000 - 0x00007ffc685a9000 	C:\WINDOWS\SYSTEM32\WSOCK32.dll
0x00007ffc7d8a0000 - 0x00007ffc7d90c000 	C:\WINDOWS\System32\WS2_32.dll
0x0000000058aa0000 - 0x0000000058aaf000 	C:\Program Files\Java\jre1.8.0_121\bin\verify.dll
0x0000000058a70000 - 0x0000000058a99000 	C:\Program Files\Java\jre1.8.0_121\bin\java.dll
0x0000000058750000 - 0x0000000058766000 	C:\Program Files\Java\jre1.8.0_121\bin\zip.dll
0x00000000586d0000 - 0x00000000586dd000 	C:\Program Files\Java\jre1.8.0_121\bin\management.dll
0x0000000058730000 - 0x000000005874a000 	C:\Program Files\Java\jre1.8.0_121\bin\net.dll
0x00007ffc78b40000 - 0x00007ffc78ba6000 	C:\WINDOWS\system32\mswsock.dll
0x0000000058710000 - 0x0000000058721000 	C:\Program Files\Java\jre1.8.0_121\bin\nio.dll
0x00007ffc70550000 - 0x00007ffc70566000 	C:\WINDOWS\system32\napinsp.dll
0x00007ffc70570000 - 0x00007ffc7058a000 	C:\WINDOWS\system32\pnrpnsp.dll
0x00007ffc75710000 - 0x00007ffc75729000 	C:\WINDOWS\system32\NLAapi.dll
0x00007ffc78900000 - 0x00007ffc789be000 	C:\WINDOWS\SYSTEM32\DNSAPI.dll
0x00007ffc7da90000 - 0x00007ffc7da98000 	C:\WINDOWS\System32\NSI.dll
0x00007ffc788c0000 - 0x00007ffc788f8000 	C:\WINDOWS\SYSTEM32\IPHLPAPI.DLL
0x00007ffc70590000 - 0x00007ffc7059e000 	C:\WINDOWS\System32\winrnr.dll
0x00007ffc75030000 - 0x00007ffc7503a000 	C:\Windows\System32\rasadhlp.dll
0x00007ffc73bd0000 - 0x00007ffc73c42000 	C:\WINDOWS\System32\fwpuclnt.dll
0x00007ffc79670000 - 0x00007ffc79695000 	C:\WINDOWS\SYSTEM32\bcrypt.dll
0x00007ffc78d50000 - 0x00007ffc78d67000 	C:\WINDOWS\SYSTEM32\CRYPTSP.dll
0x00007ffc78720000 - 0x00007ffc78753000 	C:\WINDOWS\system32\rsaenh.dll
0x00007ffc79d50000 - 0x00007ffc79d78000 	C:\WINDOWS\SYSTEM32\USERENV.dll
0x00007ffc78d70000 - 0x00007ffc78d7b000 	C:\WINDOWS\SYSTEM32\CRYPTBASE.dll
0x00007ffc73a10000 - 0x00007ffc73a26000 	C:\WINDOWS\SYSTEM32\dhcpcsvc6.DLL
0x00007ffc739f0000 - 0x00007ffc73a0a000 	C:\WINDOWS\SYSTEM32\dhcpcsvc.DLL

VM Arguments:
jvm_args: -Dcom.sun.management.jmxremote -Dcom.sun.management.jmxremote.port=63087 -Dcom.sun.management.jmxremote.authenticate=false -Dcom.sun.management.jmxremote.ssl=false -Djava.rmi.server.hostname=localhost -Dspring.liveBeansView.mbeanDomain -Dspring.application.admin.enabled=true -Xverify:none -XX:TieredStopAtLevel=1 -Dfile.encoding=UTF-8 
java_command: com.cg.eurekaservice.EurekaServiceApplication --spring.output.ansi.enabled=always
java_class_path (initial): C:\Users\tudeore\Desktop\circuit-worksapce\NEW FOLDER 22\eureka-server\target\classes;C:\Users\tudeore\.m2\repository\org\springframework\cloud\spring-cloud-starter-netflix-eureka-server\2.0.2.RELEASE\spring-cloud-starter-netflix-eureka-server-2.0.2.RELEASE.jar;C:\Users\tudeore\.m2\repository\org\springframework\cloud\spring-cloud-starter\2.0.2.RELEASE\spring-cloud-starter-2.0.2.RELEASE.jar;C:\Users\tudeore\.m2\repository\org\springframework\cloud\spring-cloud-context\2.0.2.RELEASE\spring-cloud-context-2.0.2.RELEASE.jar;C:\Users\tudeore\.m2\repository\org\springframework\security\spring-security-crypto\5.0.8.RELEASE\spring-security-crypto-5.0.8.RELEASE.jar;C:\Users\tudeore\.m2\repository\org\springframework\cloud\spring-cloud-commons\2.0.2.RELEASE\spring-cloud-commons-2.0.2.RELEASE.jar;C:\Users\tudeore\.m2\repository\org\springframework\security\spring-security-rsa\1.0.7.RELEASE\spring-security-rsa-1.0.7.RELEASE.jar;C:\Users\tudeore\.m2\repository\org\bouncycastle\bcpkix-jdk15on\1.60\bcpkix-jdk15on-1.60.jar;C:\Users\tudeore\.m2\repository\org\bouncycastle\bcprov-jdk15on\1.60\bcprov-jdk15on-1.60.jar;C:\Users\tudeore\.m2\repository\org\springframework\cloud\spring-cloud-netflix-eureka-server\2.0.2.RELEASE\spring-cloud-netflix-eureka-server-2.0.2.RELEASE.jar;C:\Users\tudeore\.m2\repository\org\springframework\boot\spring-boot-starter-web\2.0.5.RELEASE\spring-boot-starter-web-2.0.5.RELEASE.jar;C:\Users\tudeore\.m2\repository\org\springframework\boot\spring-boot-starter-json\2.0.5.RELEASE\spring-boot-starter-json-2.0.5.RELEASE.jar;C:\Users\tudeore\.m2\repository\com\fasterxml\jackson\datatype\jackson-datatype-jdk8\2.9.6\jackson-datatype-jdk8-2.9.6.jar;C:\Users\tudeore\.m2\repository\com\fasterxml\jackson\datatype\jackson-datatype-jsr310\2.9.6\jackson-datatype-jsr310-2.9.6.jar;C:\Users\tudeore\.m2\repository\com\fasterxml\jackson\module\jackson-module-parameter-names\2.9.6\jackson-module-parameter-names-2.9.6.jar;C:\Users\tudeore\.m2\repositor
Launcher Type: SUN_STANDARD

Environment Variables:
PATH=C:/Program Files/Java/jre1.8.0_121/bin/server;C:/Program Files/Java/jre1.8.0_121/bin;C:/Program Files/Java/jre1.8.0_121/lib/amd64;C:\Python34\;C:\Python34\Scripts;C:\oraclexe\app\oracle\product\11.2.0\server\bin;C:\ProgramData\Oracle\Java\javapath;C:\WINDOWS\system32;C:\WINDOWS;C:\WINDOWS\System32\Wbem;C:\WINDOWS\System32\WindowsPowerShell\v1.0\;C:\Program Files\TortoiseSVN\bin;C:\Program Files\nodejs\;C:\Program Files\Git\cmd;C:\Program Files (x86)\Microsoft SQL Server\110\Tools\Binn\ManagementStudio\;C:\Program Files (x86)\Microsoft SQL Server\110\Tools\Binn\;C:\Program Files (x86)\Microsoft SQL Server\110\DTS\Binn\;C:\Program Files\Citrix\System32\;C:\Program Files\Citrix\ICAService\;C:\WINDOWS\System32\OpenSSH\;C:\Users\tudeore\AppData\Local\Microsoft\WindowsApps;;C:\Users\tudeore\Desktop\sts-bundle\sts-3.9.7.RELEASE;
USERNAME=tudeore
OS=Windows_NT
PROCESSOR_IDENTIFIER=Intel64 Family 15 Model 6 Stepping 1, GenuineIntel



---------------  S Y S T E M  ---------------

OS: Windows 10.0 , 64 bit Build 17134 (10.0.17134.1)

CPU:total 4 (2 cores per cpu, 1 threads per core) family 15 model 6 stepping 1, cmov, cx8, fxsr, mmx, sse, sse2, sse3, ssse3, sse4.1, sse4.2, popcnt, avx, avx2, aes, clmul, erms, rtm, 3dnowpref, lzcnt, tsc, bmi1, bmi2, adx

Memory: 4k page, physical 8388056k(1059320k free), swap 18697820k(172k free)

vm_info: Java HotSpot(TM) 64-Bit Server VM (25.121-b13) for windows-amd64 JRE (1.8.0_121-b13), built on Dec 12 2016 18:21:36 by "java_re" with MS VC++ 10.0 (VS2010)

time: Wed Jan 30 12:23:38 2019
elapsed time: 6 seconds (0d 0h 0m 6s)

