#
# There is insufficient memory for the Java Runtime Environment to continue.
# Native memory allocation (malloc) failed to allocate 729616 bytes for Chunk::new
# Possible reasons:
#   The system is out of physical RAM or swap space
#   In 32 bit mode, the process size limit was hit
# Possible solutions:
#   Reduce memory load on the system
#   Increase physical memory or swap space
#   Check if swap backing store is full
#   Use 64 bit Java on a 64 bit OS
#   Decrease Java heap size (-Xmx/-Xms)
#   Decrease number of Java threads
#   Decrease Java thread stack sizes (-Xss)
#   Set larger code cache with -XX:ReservedCodeCacheSize=
# This output file may be truncated or incomplete.
#
#  Out of Memory Error (allocation.cpp:390), pid=33932, tid=0x0000000000004f1c
#
# JRE version: Java(TM) SE Runtime Environment (8.0_121-b13) (build 1.8.0_121-b13)
# Java VM: Java HotSpot(TM) 64-Bit Server VM (25.121-b13 mixed mode windows-amd64 compressed oops)
# Failed to write core dump. Minidumps are not enabled by default on client versions of Windows
#

---------------  T H R E A D  ---------------

Current thread (0x0000000017aa5000):  JavaThread "C2 CompilerThread0" daemon [_thread_in_native, id=20252, stack(0x00000000190f0000,0x00000000191f0000)]

Stack: [0x00000000190f0000,0x00000000191f0000]
[error occurred during error reporting (printing stack bounds), id 0xc0000005]

Native frames: (J=compiled Java code, j=interpreted, Vv=VM code, C=native code)


Current CompileTask:
C2:   6419 4008       4       org.springframework.core.ResolvableType::as (86 bytes)


---------------  P R O C E S S  ---------------

Java Threads: ( => current thread )
  0x000000001c3f1000 JavaThread "CleanCursors-1-thread-1" daemon [_thread_blocked, id=11736, stack(0x000000001f300000,0x000000001f400000)]
  0x000000001b1cf800 JavaThread "cluster-ClusterId{value='5c5a920e704a52848c504be2', description='null'}-localhost:27017" daemon [_thread_blocked, id=43496, stack(0x000000001f200000,0x000000001f300000)]
  0x000000001c3f3000 JavaThread "container-0" [_thread_blocked, id=6496, stack(0x000000001ed00000,0x000000001ee00000)]
  0x000000001b54d800 JavaThread "Catalina-utility-1" [_thread_blocked, id=10652, stack(0x000000001e3a0000,0x000000001e4a0000)]
  0x00000000197ee000 JavaThread "ReaderThread" [_thread_in_native, id=3000, stack(0x000000001a2f0000,0x000000001a3f0000)]
  0x0000000017afe000 JavaThread "Service Thread" daemon [_thread_blocked, id=38260, stack(0x00000000197f0000,0x00000000198f0000)]
  0x0000000017aaa000 JavaThread "C1 CompilerThread2" daemon [_thread_in_native, id=43004, stack(0x00000000192f0000,0x00000000193f0000)]
  0x0000000017aa7800 JavaThread "C2 CompilerThread1" daemon [_thread_in_native, id=11480, stack(0x00000000191f0000,0x00000000192f0000)]
=>0x0000000017aa5000 JavaThread "C2 CompilerThread0" daemon [_thread_in_native, id=20252, stack(0x00000000190f0000,0x00000000191f0000)]
  0x0000000017aa4000 JavaThread "Attach Listener" daemon [_thread_blocked, id=22608, stack(0x0000000018ff0000,0x00000000190f0000)]
  0x0000000017aa1000 JavaThread "Signal Dispatcher" daemon [_thread_blocked, id=40288, stack(0x0000000018ef0000,0x0000000018ff0000)]
  0x0000000017a8a800 JavaThread "Finalizer" daemon [_thread_blocked, id=33936, stack(0x0000000018d00000,0x0000000018e00000)]
  0x0000000002e43000 JavaThread "Reference Handler" daemon [_thread_blocked, id=1672, stack(0x0000000018c00000,0x0000000018d00000)]
  0x0000000002d53800 JavaThread "main" [_thread_in_vm, id=10884, stack(0x0000000002c10000,0x0000000002d10000)]

Other Threads:
  0x0000000017a67000 VMThread [stack: 0x0000000018b00000,0x0000000018c00000] [id=39068]
  0x0000000019460800 WatcherThread [stack: 0x00000000198f0000,0x00000000199f0000] [id=39856]

VM state:not at safepoint (normal execution)

VM Mutex/Monitor currently owned by a thread: None

Heap:
 PSYoungGen      total 121856K, used 107623K [0x00000000d5580000, 0x00000000ddb80000, 0x0000000100000000)
  eden space 108544K, 99% used [0x00000000d5580000,0x00000000dbe99da8,0x00000000dbf80000)
  from space 13312K, 0% used [0x00000000dbf80000,0x00000000dbf80000,0x00000000dcc80000)
  to   space 10240K, 0% used [0x00000000dcc80000,0x00000000dcc80000,0x00000000dd680000)
 ParOldGen       total 53760K, used 17047K [0x0000000080000000, 0x0000000083480000, 0x00000000d5580000)
  object space 53760K, 31% used [0x0000000080000000,0x00000000810a5d50,0x0000000083480000)
 Metaspace       used 40812K, capacity 42860K, committed 43008K, reserved 1087488K
  class space    used 5434K, capacity 5799K, committed 5888K, reserved 1048576K

Card table byte_map: [0x0000000012210000,0x0000000012620000] byte_map_base: 0x0000000011e10000

Marking Bits: (ParMarkBitMap*) 0x00000000580cb6d0
 Begin Bits: [0x0000000012cd0000, 0x0000000014cd0000)
 End Bits:   [0x0000000014cd0000, 0x0000000016cd0000)

Polling page: 0x0000000001290000

CodeCache: size=245760Kb used=14694Kb max_used=14694Kb free=231065Kb
 bounds [0x0000000002e50000, 0x0000000003cc0000, 0x0000000011e50000]
 total_blobs=4476 nmethods=4033 adapters=355
 compilation: enabled

Compilation events (10 events):
Event: 6.397 Thread 0x0000000017aaa000 nmethod 4053 0x0000000003cad310 code [0x0000000003cad520, 0x0000000003cae088]
Event: 6.397 Thread 0x0000000017aaa000 4054       3       java.util.TimSort::sort (229 bytes)
Event: 6.398 Thread 0x0000000017aaa000 nmethod 4054 0x0000000003cae5d0 code [0x0000000003cae7c0, 0x0000000003caeeb8]
Event: 6.399 Thread 0x0000000017aaa000 4055       3       org.springframework.core.convert.support.GenericConversionService$ConverterAdapter::<init> (41 bytes)
Event: 6.400 Thread 0x0000000017aaa000 nmethod 4055 0x0000000003caf3d0 code [0x0000000003caf5c0, 0x0000000003cb0018]
Event: 6.400 Thread 0x0000000017aaa000 4056       3       org.springframework.core.convert.support.GenericConversionService$ConverterAdapter::getConvertibleTypes (8 bytes)
Event: 6.400 Thread 0x0000000017aaa000 nmethod 4056 0x0000000003cb0550 code [0x0000000003cb06e0, 0x0000000003cb0a70]
Event: 6.400 Thread 0x0000000017aaa000 4057       3       org.springframework.core.convert.support.GenericConversionService::getRequiredTypeInfo (57 bytes)
Event: 6.401 Thread 0x0000000017aaa000 nmethod 4057 0x0000000003cb0c50 code [0x0000000003cb0e00, 0x0000000003cb1408]
Event: 6.407 Thread 0x0000000017aaa000 4058       3       org.springframework.data.repository.util.ReactiveWrappers::isSingleValueType (32 bytes)

GC Heap History (10 events):
Event: 2.485 GC heap before
{Heap before GC invocations=5 (full 1):
 PSYoungGen      total 71680K, used 5105K [0x00000000d5580000, 0x00000000da080000, 0x0000000100000000)
  eden space 66560K, 0% used [0x00000000d5580000,0x00000000d5580000,0x00000000d9680000)
  from space 5120K, 99% used [0x00000000d9b80000,0x00000000da07c5d8,0x00000000da080000)
  to   space 5120K, 0% used [0x00000000d9680000,0x00000000d9680000,0x00000000d9b80000)
 ParOldGen       total 87552K, used 5365K [0x0000000080000000, 0x0000000085580000, 0x00000000d5580000)
  object space 87552K, 6% used [0x0000000080000000,0x000000008053d640,0x0000000085580000)
 Metaspace       used 20651K, capacity 21188K, committed 21296K, reserved 1067008K
  class space    used 2683K, capacity 2867K, committed 2944K, reserved 1048576K
Event: 2.518 GC heap after
Heap after GC invocations=5 (full 1):
 PSYoungGen      total 71680K, used 0K [0x00000000d5580000, 0x00000000da080000, 0x0000000100000000)
  eden space 66560K, 0% used [0x00000000d5580000,0x00000000d5580000,0x00000000d9680000)
  from space 5120K, 0% used [0x00000000d9b80000,0x00000000d9b80000,0x00000000da080000)
  to   space 5120K, 0% used [0x00000000d9680000,0x00000000d9680000,0x00000000d9b80000)
 ParOldGen       total 53760K, used 7400K [0x0000000080000000, 0x0000000083480000, 0x00000000d5580000)
  object space 53760K, 13% used [0x0000000080000000,0x000000008073a1d8,0x0000000083480000)
 Metaspace       used 20651K, capacity 21188K, committed 21296K, reserved 1067008K
  class space    used 2683K, capacity 2867K, committed 2944K, reserved 1048576K
}
Event: 3.452 GC heap before
{Heap before GC invocations=6 (full 1):
 PSYoungGen      total 71680K, used 66560K [0x00000000d5580000, 0x00000000da080000, 0x0000000100000000)
  eden space 66560K, 100% used [0x00000000d5580000,0x00000000d9680000,0x00000000d9680000)
  from space 5120K, 0% used [0x00000000d9b80000,0x00000000d9b80000,0x00000000da080000)
  to   space 5120K, 0% used [0x00000000d9680000,0x00000000d9680000,0x00000000d9b80000)
 ParOldGen       total 53760K, used 7400K [0x0000000080000000, 0x0000000083480000, 0x00000000d5580000)
  object space 53760K, 13% used [0x0000000080000000,0x000000008073a1d8,0x0000000083480000)
 Metaspace       used 27544K, capacity 28560K, committed 28800K, reserved 1075200K
  class space    used 3623K, capacity 3871K, committed 3968K, reserved 1048576K
Event: 3.466 GC heap after
Heap after GC invocations=6 (full 1):
 PSYoungGen      total 71680K, used 5107K [0x00000000d5580000, 0x00000000dd680000, 0x0000000100000000)
  eden space 66560K, 0% used [0x00000000d5580000,0x00000000d5580000,0x00000000d9680000)
  from space 5120K, 99% used [0x00000000d9680000,0x00000000d9b7cde0,0x00000000d9b80000)
  to   space 10240K, 0% used [0x00000000dcc80000,0x00000000dcc80000,0x00000000dd680000)
 ParOldGen       total 53760K, used 11454K [0x0000000080000000, 0x0000000083480000, 0x00000000d5580000)
  object space 53760K, 21% used [0x0000000080000000,0x0000000080b2f968,0x0000000083480000)
 Metaspace       used 27544K, capacity 28560K, committed 28800K, reserved 1075200K
  class space    used 3623K, capacity 3871K, committed 3968K, reserved 1048576K
}
Event: 4.497 GC heap before
{Heap before GC invocations=7 (full 1):
 PSYoungGen      total 71680K, used 71667K [0x00000000d5580000, 0x00000000dd680000, 0x0000000100000000)
  eden space 66560K, 100% used [0x00000000d5580000,0x00000000d9680000,0x00000000d9680000)
  from space 5120K, 99% used [0x00000000d9680000,0x00000000d9b7cde0,0x00000000d9b80000)
  to   space 10240K, 0% used [0x00000000dcc80000,0x00000000dcc80000,0x00000000dd680000)
 ParOldGen       total 53760K, used 11454K [0x0000000080000000, 0x0000000083480000, 0x00000000d5580000)
  object space 53760K, 21% used [0x0000000080000000,0x0000000080b2f968,0x0000000083480000)
 Metaspace       used 32652K, capacity 34080K, committed 34304K, reserved 1079296K
  class space    used 4276K, capacity 4553K, committed 4608K, reserved 1048576K
Event: 4.518 GC heap after
Heap after GC invocations=7 (full 1):
 PSYoungGen      total 118784K, used 10229K [0x00000000d5580000, 0x00000000ddb80000, 0x0000000100000000)
  eden space 108544K, 0% used [0x00000000d5580000,0x00000000d5580000,0x00000000dbf80000)
  from space 10240K, 99% used [0x00000000dcc80000,0x00000000dd67d7b0,0x00000000dd680000)
  to   space 13312K, 0% used [0x00000000dbf80000,0x00000000dbf80000,0x00000000dcc80000)
 ParOldGen       total 53760K, used 14594K [0x0000000080000000, 0x0000000083480000, 0x00000000d5580000)
  object space 53760K, 27% used [0x0000000080000000,0x0000000080e40af8,0x0000000083480000)
 Metaspace       used 32652K, capacity 34080K, committed 34304K, reserved 1079296K
  class space    used 4276K, capacity 4553K, committed 4608K, reserved 1048576K
}
Event: 4.919 GC heap before
{Heap before GC invocations=8 (full 1):
 PSYoungGen      total 118784K, used 45768K [0x00000000d5580000, 0x00000000ddb80000, 0x0000000100000000)
  eden space 108544K, 32% used [0x00000000d5580000,0x00000000d7834888,0x00000000dbf80000)
  from space 10240K, 99% used [0x00000000dcc80000,0x00000000dd67d7b0,0x00000000dd680000)
  to   space 13312K, 0% used [0x00000000dbf80000,0x00000000dbf80000,0x00000000dcc80000)
 ParOldGen       total 53760K, used 14594K [0x0000000080000000, 0x0000000083480000, 0x00000000d5580000)
  object space 53760K, 27% used [0x0000000080000000,0x0000000080e40af8,0x0000000083480000)
 Metaspace       used 33924K, capacity 35360K, committed 35456K, reserved 1079296K
  class space    used 4425K, capacity 4693K, committed 4736K, reserved 1048576K
Event: 4.937 GC heap after
Heap after GC invocations=8 (full 1):
 PSYoungGen      total 121856K, used 12207K [0x00000000d5580000, 0x00000000ddb80000, 0x0000000100000000)
  eden space 108544K, 0% used [0x00000000d5580000,0x00000000d5580000,0x00000000dbf80000)
  from space 13312K, 91% used [0x00000000dbf80000,0x00000000dcb6bea0,0x00000000dcc80000)
  to   space 10240K, 0% used [0x00000000dcc80000,0x00000000dcc80000,0x00000000dd680000)
 ParOldGen       total 53760K, used 14602K [0x0000000080000000, 0x0000000083480000, 0x00000000d5580000)
  object space 53760K, 27% used [0x0000000080000000,0x0000000080e42af8,0x0000000083480000)
 Metaspace       used 33924K, capacity 35360K, committed 35456K, reserved 1079296K
  class space    used 4425K, capacity 4693K, committed 4736K, reserved 1048576K
}
Event: 4.937 GC heap before
{Heap before GC invocations=9 (full 2):
 PSYoungGen      total 121856K, used 12207K [0x00000000d5580000, 0x00000000ddb80000, 0x0000000100000000)
  eden space 108544K, 0% used [0x00000000d5580000,0x00000000d5580000,0x00000000dbf80000)
  from space 13312K, 91% used [0x00000000dbf80000,0x00000000dcb6bea0,0x00000000dcc80000)
  to   space 10240K, 0% used [0x00000000dcc80000,0x00000000dcc80000,0x00000000dd680000)
 ParOldGen       total 53760K, used 14602K [0x0000000080000000, 0x0000000083480000, 0x00000000d5580000)
  object space 53760K, 27% used [0x0000000080000000,0x0000000080e42af8,0x0000000083480000)
 Metaspace       used 33924K, capacity 35360K, committed 35456K, reserved 1079296K
  class space    used 4425K, capacity 4693K, committed 4736K, reserved 1048576K
Event: 5.009 GC heap after
Heap after GC invocations=9 (full 2):
 PSYoungGen      total 121856K, used 0K [0x00000000d5580000, 0x00000000ddb80000, 0x0000000100000000)
  eden space 108544K, 0% used [0x00000000d5580000,0x00000000d5580000,0x00000000dbf80000)
  from space 13312K, 0% used [0x00000000dbf80000,0x00000000dbf80000,0x00000000dcc80000)
  to   space 10240K, 0% used [0x00000000dcc80000,0x00000000dcc80000,0x00000000dd680000)
 ParOldGen       total 53760K, used 17047K [0x0000000080000000, 0x0000000083480000, 0x00000000d5580000)
  object space 53760K, 31% used [0x0000000080000000,0x00000000810a5d50,0x0000000083480000)
 Metaspace       used 33924K, capacity 35360K, committed 35456K, reserved 1079296K
  class space    used 4425K, capacity 4693K, committed 4736K, reserved 1048576K
}

Deoptimization events (10 events):
Event: 5.682 Thread 0x0000000002d53800 Uncommon trap: reason=class_check action=maybe_recompile pc=0x0000000003765bac method=org.springframework.util.ConcurrentReferenceHashMap$Segment.findInChain(Lorg/springframework/util/ConcurrentReferenceHashMap$Reference;Ljava/lang/Object;I)Lorg/springfra
Event: 5.699 Thread 0x0000000002d53800 Uncommon trap: reason=unstable_if action=reinterpret pc=0x0000000003b49b4c method=java.util.WeakHashMap.put(Ljava/lang/Object;Ljava/lang/Object;)Ljava/lang/Object; @ 47
Event: 5.719 Thread 0x0000000002d53800 Uncommon trap: reason=unstable_if action=reinterpret pc=0x00000000038f952c method=java.lang.Class$MethodArray.addIfNotPresent(Ljava/lang/reflect/Method;)V @ 19
Event: 5.732 Thread 0x0000000002d53800 Uncommon trap: reason=unstable_if action=reinterpret pc=0x00000000037f0954 method=org.springframework.util.ConcurrentReferenceHashMap$Segment.clear()V @ 4
Event: 5.886 Thread 0x0000000002d53800 Uncommon trap: reason=unstable_if action=reinterpret pc=0x000000000378a464 method=jdk.internal.org.objectweb.asm.Item.isEqualTo(Ljdk/internal/org/objectweb/asm/Item;)Z @ 331
Event: 5.897 Thread 0x0000000002d53800 Uncommon trap: reason=class_check action=maybe_recompile pc=0x00000000038a8d38 method=org.springframework.beans.factory.support.AbstractBeanFactory.isTypeMatch(Ljava/lang/String;Lorg/springframework/core/ResolvableType;)Z @ 47
Event: 5.917 Thread 0x0000000002d53800 Uncommon trap: reason=class_check action=maybe_recompile pc=0x00000000038a8d38 method=org.springframework.beans.factory.support.AbstractBeanFactory.isTypeMatch(Ljava/lang/String;Lorg/springframework/core/ResolvableType;)Z @ 47
Event: 5.927 Thread 0x0000000002d53800 Uncommon trap: reason=class_check action=maybe_recompile pc=0x00000000038a8d38 method=org.springframework.beans.factory.support.AbstractBeanFactory.isTypeMatch(Ljava/lang/String;Lorg/springframework/core/ResolvableType;)Z @ 47
Event: 5.927 Thread 0x0000000002d53800 Uncommon trap: reason=class_check action=maybe_recompile pc=0x00000000038a8d38 method=org.springframework.beans.factory.support.AbstractBeanFactory.isTypeMatch(Ljava/lang/String;Lorg/springframework/core/ResolvableType;)Z @ 47
Event: 6.070 Thread 0x0000000002d53800 Uncommon trap: reason=unstable_if action=reinterpret pc=0x0000000003614994 method=java.lang.reflect.Method.equals(Ljava/lang/Object;)Z @ 1

Internal exceptions (10 events):
Event: 6.323 Thread 0x0000000002d53800 Exception <a 'java/lang/ClassNotFoundException': org/springframework/http/converter/HttpMessageConverterCustomizer> (0x00000000db5b98d8) thrown at [C:\re\workspace\8-2-build-windows-amd64-cygwin\jdk8u121\8372\hotspot\src\share\vm\classfile\systemDictionar
Event: 6.324 Thread 0x0000000002d53800 Exception <a 'java/lang/ClassNotFoundException': java/lang/ObjectCustomizer> (0x00000000db5ccae8) thrown at [C:\re\workspace\8-2-build-windows-amd64-cygwin\jdk8u121\8372\hotspot\src\share\vm\classfile\systemDictionary.cpp, line 210]
Event: 6.325 Thread 0x0000000002d53800 Exception <a 'java/lang/ClassNotFoundException': org/springframework/boot/autoconfigure/http/HttpMessageConvertersAutoConfigurationCustomizer> (0x00000000db5efae0) thrown at [C:\re\workspace\8-2-build-windows-amd64-cygwin\jdk8u121\8372\hotspot\src\share\v
Event: 6.326 Thread 0x0000000002d53800 Exception <a 'java/lang/ClassNotFoundException': org/springframework/boot/autoconfigure/http/HttpMessageConvertersAutoConfiguration$$EnhancerBySpringCGLIB$$5547f389Customizer> (0x00000000db618610) thrown at [C:\re\workspace\8-2-build-windows-amd64-cygwin\
Event: 6.327 Thread 0x0000000002d53800 Exception <a 'java/lang/ClassNotFoundException': org/springframework/context/annotation/ConfigurationClassEnhancer$EnhancedConfigurationCustomizer> (0x00000000db63ff90) thrown at [C:\re\workspace\8-2-build-windows-amd64-cygwin\jdk8u121\8372\hotspot\src\sh
Event: 6.327 Thread 0x0000000002d53800 Exception <a 'java/lang/ClassNotFoundException': org/springframework/beans/factory/BeanFactoryAwareCustomizer> (0x00000000db658480) thrown at [C:\re\workspace\8-2-build-windows-amd64-cygwin\jdk8u121\8372\hotspot\src\share\vm\classfile\systemDictionary.cpp
Event: 6.328 Thread 0x0000000002d53800 Exception <a 'java/lang/ClassNotFoundException': org/springframework/beans/factory/AwareCustomizer> (0x00000000db66f390) thrown at [C:\re\workspace\8-2-build-windows-amd64-cygwin\jdk8u121\8372\hotspot\src\share\vm\classfile\systemDictionary.cpp, line 210]
Event: 6.336 Thread 0x0000000002d53800 Exception <a 'java/lang/ClassNotFoundException': java/lang/ObjectCustomizer> (0x00000000db73a060) thrown at [C:\re\workspace\8-2-build-windows-amd64-cygwin\jdk8u121\8372\hotspot\src\share\vm\classfile\systemDictionary.cpp, line 210]
Event: 6.337 Thread 0x0000000002d53800 Exception <a 'java/lang/ClassNotFoundException': org/springframework/boot/autoconfigure/http/HttpMessageConvertersCustomizer> (0x00000000db758ce8) thrown at [C:\re\workspace\8-2-build-windows-amd64-cygwin\jdk8u121\8372\hotspot\src\share\vm\classfile\syste
Event: 6.338 Thread 0x0000000002d53800 Exception <a 'java/lang/ClassNotFoundException': java/lang/IterableCustomizer> (0x00000000db76a130) thrown at [C:\re\workspace\8-2-build-windows-amd64-cygwin\jdk8u121\8372\hotspot\src\share\vm\classfile\systemDictionary.cpp, line 210]

Events (10 events):
Event: 6.406 loading class org/springframework/data/repository/core/support/RepositoryComposition$RepositoryFragments
Event: 6.406 loading class org/springframework/data/repository/core/support/RepositoryComposition$RepositoryFragments done
Event: 6.409 loading class org/springframework/data/repository/support/DomainClassConverter$ToEntityConverter
Event: 6.409 loading class org/springframework/data/repository/support/DomainClassConverter$ToEntityConverter done
Event: 6.410 loading class org/springframework/data/repository/support/RepositoryInvokerFactory
Event: 6.410 loading class org/springframework/data/repository/support/RepositoryInvokerFactory done
Event: 6.410 loading class org/springframework/data/repository/support/DefaultRepositoryInvokerFactory
Event: 6.410 loading class org/springframework/data/repository/support/DefaultRepositoryInvokerFactory done
Event: 6.411 loading class org/springframework/data/repository/support/RepositoryInvoker
Event: 6.411 loading class org/springframework/data/repository/support/RepositoryInvoker done


Dynamic libraries:
0x00007ff6aabe0000 - 0x00007ff6aac17000 	C:\Program Files\Java\jre1.8.0_121\bin\javaw.exe
0x00007ffc7db40000 - 0x00007ffc7dd21000 	C:\WINDOWS\SYSTEM32\ntdll.dll
0x00007ffc7bac0000 - 0x00007ffc7bb72000 	C:\WINDOWS\System32\KERNEL32.DLL
0x00007ffc7a010000 - 0x00007ffc7a283000 	C:\WINDOWS\System32\KERNELBASE.dll
0x00007ffc7b9e0000 - 0x00007ffc7ba81000 	C:\WINDOWS\System32\ADVAPI32.dll
0x00007ffc7b620000 - 0x00007ffc7b6be000 	C:\WINDOWS\System32\msvcrt.dll
0x00007ffc7daa0000 - 0x00007ffc7dafb000 	C:\WINDOWS\System32\sechost.dll
0x00007ffc7b720000 - 0x00007ffc7b844000 	C:\WINDOWS\System32\RPCRT4.dll
0x00007ffc7b850000 - 0x00007ffc7b9e0000 	C:\WINDOWS\System32\USER32.dll
0x00007ffc7a2e0000 - 0x00007ffc7a300000 	C:\WINDOWS\System32\win32u.dll
0x00007ffc7b470000 - 0x00007ffc7b498000 	C:\WINDOWS\System32\GDI32.dll
0x00007ffc7aaf0000 - 0x00007ffc7ac82000 	C:\WINDOWS\System32\gdi32full.dll
0x00007ffc7af30000 - 0x00007ffc7afcf000 	C:\WINDOWS\System32\msvcp_win.dll
0x00007ffc79f10000 - 0x00007ffc7a00a000 	C:\WINDOWS\System32\ucrtbase.dll
0x00007ffc780e0000 - 0x00007ffc78349000 	C:\WINDOWS\WinSxS\amd64_microsoft.windows.common-controls_6595b64144ccf1df_6.0.17134.407_none_fb449d63306391e9\COMCTL32.dll
0x00007ffc7c130000 - 0x00007ffc7c452000 	C:\WINDOWS\System32\combase.dll
0x00007ffc7aa70000 - 0x00007ffc7aaea000 	C:\WINDOWS\System32\bcryptPrimitives.dll
0x00007ffc7ba90000 - 0x00007ffc7babd000 	C:\WINDOWS\System32\IMM32.DLL
0x00007ffc79cf0000 - 0x00007ffc79d4d000 	C:\Program Files\Citrix\System32\MfApHook64.dll
0x00007ffc79640000 - 0x00007ffc7966b000 	C:\Program Files\Citrix\ICAService\CtxDodHook64.dll
0x00007ffc79c10000 - 0x00007ffc79c42000 	C:\Program Files\Citrix\ICAService\picaFullScreenHookX64.dll
0x00007ffc795f0000 - 0x00007ffc7963e000 	C:\Program Files\Citrix\ICAService\ShellHook64.dll
0x00007ffc7c460000 - 0x00007ffc7d89f000 	C:\WINDOWS\System32\SHELL32.dll
0x00007ffc7a290000 - 0x00007ffc7a2d9000 	C:\WINDOWS\System32\cfgmgr32.dll
0x00007ffc7d9e0000 - 0x00007ffc7da89000 	C:\WINDOWS\System32\shcore.dll
0x00007ffc7a360000 - 0x00007ffc7aa6d000 	C:\WINDOWS\System32\windows.storage.dll
0x00007ffc7b2b0000 - 0x00007ffc7b301000 	C:\WINDOWS\System32\shlwapi.dll
0x00007ffc79ea0000 - 0x00007ffc79eb1000 	C:\WINDOWS\System32\kernel.appcore.dll
0x00007ffc79ec0000 - 0x00007ffc79edf000 	C:\WINDOWS\System32\profapi.dll
0x00007ffc79e50000 - 0x00007ffc79e9c000 	C:\WINDOWS\System32\powrprof.dll
0x00007ffc79f00000 - 0x00007ffc79f0a000 	C:\WINDOWS\System32\FLTLIB.DLL
0x00007ffc79450000 - 0x00007ffc795cc000 	C:\Program Files\Citrix\ICAService\SCardHook64.dll
0x00007ffc79420000 - 0x00007ffc7944a000 	C:\Program Files\Citrix\ICAService\cxinjime64.dll
0x00007ffc79360000 - 0x00007ffc793a8000 	C:\Program Files\Citrix\ICAService\PicaWtsHook64.dll
0x0000000058ab0000 - 0x0000000058b82000 	C:\Program Files\Java\jre1.8.0_121\bin\msvcr100.dll
0x00000000578b0000 - 0x000000005814b000 	C:\Program Files\Java\jre1.8.0_121\bin\server\jvm.dll
0x00007ffc7b310000 - 0x00007ffc7b318000 	C:\WINDOWS\System32\PSAPI.DLL
0x00007ffc79b00000 - 0x00007ffc79b0a000 	C:\WINDOWS\SYSTEM32\VERSION.dll
0x00007ffc73440000 - 0x00007ffc73463000 	C:\WINDOWS\SYSTEM32\WINMM.dll
0x00007ffc73410000 - 0x00007ffc7343a000 	C:\WINDOWS\SYSTEM32\WINMMBASE.dll
0x00007ffc685a0000 - 0x00007ffc685a9000 	C:\WINDOWS\SYSTEM32\WSOCK32.dll
0x00007ffc7d8a0000 - 0x00007ffc7d90c000 	C:\WINDOWS\System32\WS2_32.dll
0x0000000058aa0000 - 0x0000000058aaf000 	C:\Program Files\Java\jre1.8.0_121\bin\verify.dll
0x0000000058a70000 - 0x0000000058a99000 	C:\Program Files\Java\jre1.8.0_121\bin\java.dll
0x0000000058750000 - 0x0000000058766000 	C:\Program Files\Java\jre1.8.0_121\bin\zip.dll
0x0000000058730000 - 0x000000005874a000 	C:\Program Files\Java\jre1.8.0_121\bin\net.dll
0x00007ffc78b40000 - 0x00007ffc78ba6000 	C:\WINDOWS\system32\mswsock.dll
0x0000000058710000 - 0x0000000058721000 	C:\Program Files\Java\jre1.8.0_121\bin\nio.dll
0x00000000586d0000 - 0x00000000586dd000 	C:\Program Files\Java\jre1.8.0_121\bin\management.dll
0x00007ffc70550000 - 0x00007ffc70566000 	C:\WINDOWS\system32\napinsp.dll
0x00007ffc70570000 - 0x00007ffc7058a000 	C:\WINDOWS\system32\pnrpnsp.dll
0x00007ffc75710000 - 0x00007ffc75729000 	C:\WINDOWS\system32\NLAapi.dll
0x00007ffc78900000 - 0x00007ffc789be000 	C:\WINDOWS\SYSTEM32\DNSAPI.dll
0x00007ffc7da90000 - 0x00007ffc7da98000 	C:\WINDOWS\System32\NSI.dll
0x00007ffc788c0000 - 0x00007ffc788f8000 	C:\WINDOWS\SYSTEM32\IPHLPAPI.DLL
0x00007ffc70590000 - 0x00007ffc7059e000 	C:\WINDOWS\System32\winrnr.dll
0x00007ffc75030000 - 0x00007ffc7503a000 	C:\Windows\System32\rasadhlp.dll
0x00007ffc73bd0000 - 0x00007ffc73c42000 	C:\WINDOWS\System32\fwpuclnt.dll
0x00007ffc79670000 - 0x00007ffc79695000 	C:\WINDOWS\SYSTEM32\bcrypt.dll
0x00007ffc78d50000 - 0x00007ffc78d67000 	C:\WINDOWS\SYSTEM32\CRYPTSP.dll
0x00007ffc78720000 - 0x00007ffc78753000 	C:\WINDOWS\system32\rsaenh.dll
0x00007ffc79d50000 - 0x00007ffc79d78000 	C:\WINDOWS\SYSTEM32\USERENV.dll
0x00007ffc78d70000 - 0x00007ffc78d7b000 	C:\WINDOWS\SYSTEM32\CRYPTBASE.dll
0x00007ffc73a10000 - 0x00007ffc73a26000 	C:\WINDOWS\SYSTEM32\dhcpcsvc6.DLL
0x00007ffc739f0000 - 0x00007ffc73a0a000 	C:\WINDOWS\SYSTEM32\dhcpcsvc.DLL
0x00000000586e0000 - 0x0000000058704000 	C:\Program Files\Java\jre1.8.0_121\bin\sunec.dll

VM Arguments:
jvm_args: -ea -Dfile.encoding=UTF-8 
java_command: org.eclipse.jdt.internal.junit.runner.RemoteTestRunner -version 3 -port 63631 -testLoaderClass org.eclipse.jdt.internal.junit4.runner.JUnit4TestLoader -loaderpluginname org.eclipse.jdt.junit4.runtime -classNames com.capgemini.CartService.CartServiceTest
java_class_path (initial): C:\ann\Cart-Service\Cart-Service\target\test-classes;C:\ann\Cart-Service\Cart-Service\target\classes;C:\Users\tudeore\.m2\repository\org\springframework\boot\spring-boot-starter-data-mongodb\2.1.2.RELEASE\spring-boot-starter-data-mongodb-2.1.2.RELEASE.jar;C:\Users\tudeore\.m2\repository\org\springframework\boot\spring-boot-starter\2.1.2.RELEASE\spring-boot-starter-2.1.2.RELEASE.jar;C:\Users\tudeore\.m2\repository\org\springframework\boot\spring-boot\2.1.2.RELEASE\spring-boot-2.1.2.RELEASE.jar;C:\Users\tudeore\.m2\repository\org\springframework\boot\spring-boot-autoconfigure\2.1.2.RELEASE\spring-boot-autoconfigure-2.1.2.RELEASE.jar;C:\Users\tudeore\.m2\repository\org\springframework\boot\spring-boot-starter-logging\2.1.2.RELEASE\spring-boot-starter-logging-2.1.2.RELEASE.jar;C:\Users\tudeore\.m2\repository\ch\qos\logback\logback-classic\1.2.3\logback-classic-1.2.3.jar;C:\Users\tudeore\.m2\repository\ch\qos\logback\logback-core\1.2.3\logback-core-1.2.3.jar;C:\Users\tudeore\.m2\repository\org\apache\logging\log4j\log4j-to-slf4j\2.11.1\log4j-to-slf4j-2.11.1.jar;C:\Users\tudeore\.m2\repository\org\apache\logging\log4j\log4j-api\2.11.1\log4j-api-2.11.1.jar;C:\Users\tudeore\.m2\repository\org\slf4j\jul-to-slf4j\1.7.25\jul-to-slf4j-1.7.25.jar;C:\Users\tudeore\.m2\repository\javax\annotation\javax.annotation-api\1.3.2\javax.annotation-api-1.3.2.jar;C:\Users\tudeore\.m2\repository\org\yaml\snakeyaml\1.23\snakeyaml-1.23.jar;C:\Users\tudeore\.m2\repository\org\mongodb\mongodb-driver\3.8.2\mongodb-driver-3.8.2.jar;C:\Users\tudeore\.m2\repository\org\mongodb\bson\3.8.2\bson-3.8.2.jar;C:\Users\tudeore\.m2\repository\org\mongodb\mongodb-driver-core\3.8.2\mongodb-driver-core-3.8.2.jar;C:\Users\tudeore\.m2\repository\org\springframework\data\spring-data-mongodb\2.1.4.RELEASE\spring-data-mongodb-2.1.4.RELEASE.jar;C:\Users\tudeore\.m2\repository\org\springframework\spring-tx\5.1.4.RELEASE\spring-tx-5.1.4.RELEASE.jar;C:\Users\tudeore\.m2\repository\org\spring
Launcher Type: SUN_STANDARD

Environment Variables:
PATH=C:/Program Files/Java/jre1.8.0_121/bin/server;C:/Program Files/Java/jre1.8.0_121/bin;C:/Program Files/Java/jre1.8.0_121/lib/amd64;C:\Python34\;C:\Python34\Scripts;C:\oraclexe\app\oracle\product\11.2.0\server\bin;C:\ProgramData\Oracle\Java\javapath;C:\WINDOWS\system32;C:\WINDOWS;C:\WINDOWS\System32\Wbem;C:\WINDOWS\System32\WindowsPowerShell\v1.0\;C:\Program Files\TortoiseSVN\bin;C:\Program Files\nodejs\;C:\Program Files\Git\cmd;C:\Program Files (x86)\Microsoft SQL Server\110\Tools\Binn\ManagementStudio\;C:\Program Files (x86)\Microsoft SQL Server\110\Tools\Binn\;C:\Program Files (x86)\Microsoft SQL Server\110\DTS\Binn\;C:\Program Files\Citrix\System32\;C:\Program Files\Citrix\ICAService\;C:\WINDOWS\System32\OpenSSH\;C:\Users\tudeore\AppData\Local\Microsoft\WindowsApps;;C:\Users\tudeore\Desktop\sts-bundle\sts-3.9.7.RELEASE;
USERNAME=tudeore
OS=Windows_NT
PROCESSOR_IDENTIFIER=Intel64 Family 15 Model 6 Stepping 1, GenuineIntel



---------------  S Y S T E M  ---------------

OS: Windows 10.0 , 64 bit Build 17134 (10.0.17134.1)

CPU:total 4 (2 cores per cpu, 1 threads per core) family 15 model 6 stepping 1, cmov, cx8, fxsr, mmx, sse, sse2, sse3, ssse3, sse4.1, sse4.2, popcnt, avx, avx2, aes, clmul, erms, rtm, 3dnowpref, lzcnt, tsc, bmi1, bmi2, adx

Memory: 4k page, physical 8388056k(1069216k free), swap 18697820k(4136k free)

vm_info: Java HotSpot(TM) 64-Bit Server VM (25.121-b13) for windows-amd64 JRE (1.8.0_121-b13), built on Dec 12 2016 18:21:36 by "java_re" with MS VC++ 10.0 (VS2010)

time: Wed Feb 06 13:21:43 2019
elapsed time: 6 seconds (0d 0h 0m 6s)

